
INC-2026-07-P1
Health Diagnostic Log
=========================================================

Diagnostic Status ............ COMPLETED

---------------------------------------------------------

Cluster Health ............... Healthy

Infrastructure ............... Healthy

Containers ................... Running

Services ..................... Available

Monitoring ................... Operational

Alerts ....................... 1 Active (P1)

---------------------------------------------------------

## Node Evaluation

Desired Nodes ................. 2

Active Nodes .................. 1

Cluster quorum ................ Not achieved

---------------------------------------------------------

## Synchronization Check

Automatic reconciliation ...... Pending

Reason:

Required node  
is currently  
outside  
the environment.

---------------------------------------------------------

## Topology Evaluation

Expected topology ............. Stable

Current topology .............. Degraded

Assessment:

Infrastructure integrity ...... Verified

Application integrity ......... Verified

Topology requirements ......... Not satisfied

---------------------------------------------------------

## Recovery Analysis

Automatic recovery ............ Not applicable

Manual intervention ........... Required

Reason:

This condition  
cannot be resolved  
through automation.

---------------------------------------------------------

## Recommendation

Re-establish  
the intended topology.

Local interaction recommended.

---------------------------------------------------------

Next artifact:

secret.enc
